<?xml version="1.0" encoding="UTF-8"?>
<!-- Generated by org.testng.reporters.JUnitReportReporter -->
<testsuite hostname="LAPTOP-OGIRURU6" failures="0" tests="1" name="june2021.qaautomation.Assignment5" time="5.159" errors="0" timestamp="16 Jul 2021 10:48:59 GMT" skipped="0">
  <testcase classname="june2021.qaautomation.Assignment5" name="testRegistrationAPI" time="5.159"/>
</testsuite> <!-- june2021.qaautomation.Assignment5 -->
