<?xml version="1.0" encoding="UTF-8"?>
<!-- Generated by org.testng.reporters.JUnitReportReporter -->
<testsuite hostname="LAPTOP-OGIRURU6" failures="0" tests="1" name="june2021.qaautomation.Assignment4" time="24.506" errors="0" timestamp="16 Jul 2021 10:28:40 GMT" skipped="0">
  <testcase classname="june2021.qaautomation.Assignment4" name="assignment4" time="24.506"/>
</testsuite> <!-- june2021.qaautomation.Assignment4 -->
