<?xml version="1.0" encoding="UTF-8"?>
<!-- Generated by org.testng.reporters.JUnitReportReporter -->
<testsuite hostname="LAPTOP-OGIRURU6" failures="0" tests="1" name="june2021.qaautomation.Assignment3" time="46.713" errors="0" timestamp="14 Jul 2021 12:29:44 GMT" skipped="0">
  <testcase classname="june2021.qaautomation.Assignment3" name="assignment3" time="46.713"/>
</testsuite> <!-- june2021.qaautomation.Assignment3 -->
